commit 7167571953ef14da458ea696bddbf6fc5fb9c452
Author: Alex <1230516@isep.ipp.pt>
Date:   Wed May 21 13:42:04 2025 +0100

    adicionado styles

commit 890258236c3cc77324bfd8efe6ae2068386b0815
Author: Joel <j.s.costa2001@gmail.com>
Date:   Wed May 21 13:21:49 2025 +0100

    image

commit 8fc5a2a13a62ed748f96815bb503fc22f184ccb6
Author: Alex <1230516@isep.ipp.pt>
Date:   Wed May 21 13:20:15 2025 +0100

    commit

commit 2354360baee0955c6a161c7d001b5cf7cc3fd5f0
Author: Joel <j.s.costa2001@gmail.com>
Date:   Wed May 21 13:04:30 2025 +0100

    image

commit 91f32c4b1ea0e2a58ee8bcf5040d788bc9377faf
Author: Joel <j.s.costa2001@gmail.com>
Date:   Wed May 21 12:54:40 2025 +0100

    comit

commit 6d8eaed59e5a76fbcd1fa511c9b0f282f1bd8ae7
Author: joelscosta <133749783+joelscosta@users.noreply.github.com>
Date:   Wed May 21 12:44:12 2025 +0100

    Delete imagens

commit 8ac56ea9a549195ffeaa878501db541ddc8dcdcd
Author: joelscosta <133749783+joelscosta@users.noreply.github.com>
Date:   Wed May 21 12:43:21 2025 +0100

    Create imagens

commit 771555700ff10be92b83b75f14bf9766b21d98ee
Author: Joel <j.s.costa2001@gmail.com>
Date:   Wed May 21 12:39:51 2025 +0100

    adicionei html

commit b0cffe3aad321dac2bacabb714b375d7caa27a24
Author: Alex <1230516@isep.ipp.pt>
Date:   Wed May 21 12:17:32 2025 +0100

    adicionei o nome

commit 7f626a00c3ada24c6d634795a0b37d38660ef056
Author: Joel <j.s.costa2001@gmail.com>
Date:   Wed May 21 11:57:49 2025 +0100

    Adicionei o meu nome

commit 64d6c90cd93a9a19082e79634d95cd38bae2fcf2
Author: joelscosta <133749783+joelscosta@users.noreply.github.com>
Date:   Wed May 21 11:32:46 2025 +0100

    Initial commit
